Underfull \hbox (badness 2903) in paragraph at lines 105--106
\TU/NotoSansCJKSC(0)/m/n/9 and nutrient depletion, reduces productivity on one-
third of global
[8]
Underfull \hbox (badness 6204) in paragraph at lines 122--123
\TU/NotoSansCJKSC(0)/m/n/9 and farm management software, enable real-time monit
oring and

Underfull \hbox (badness 1132) in paragraph at lines 122--123
\TU/NotoSansCJKSC(0)/m/n/9 and automated irrigation optimize resource use, redu
cing waste and

Underfull \hbox (badness 3439) in paragraph at lines 124--125
[]\TU/NotoSansCJKSC(0)/m/n/9 The adoption of digital twins—virtual replicas of 
physical farms—is

Underfull \hbox (badness 5359) in paragraph at lines 124--125
\TU/NotoSansCJKSC(0)/m/n/9 simulate crop growth, weather scenarios, and resourc
e allocation,
[9]
Underfull \hbox (badness 4927) in paragraph at lines 141--142
[]\TU/NotoSansCJKSC(0)/m/n/9 The European Union’s Farm to Fork Strategy, part o
f the Green

Underfull \hbox (badness 3179) in paragraph at lines 141--142
\TU/NotoSansCJKSC(0)/m/n/9 Deal, is driving a fundamental shift toward sustaina
ble agriculture.

Underfull \hbox (badness 1521) in paragraph at lines 141--142
\TU/NotoSansCJKSC(0)/m/n/9 and increasing organic farming to 25% of agricultura
l land by 2030.

Underfull \hbox (badness 1009) in paragraph at lines 141--142
\TU/NotoSansCJKSC(0)/m/n/9 also creating new market opportunities for sustainab
le products and

Underfull \hbox (badness 4779) in paragraph at lines 143--144
[]\TU/NotoSansCJKSC(0)/m/n/9 Trade tensions, particularly between the United St
ates and China,
[10]
Underfull \hbox (badness 2409) in paragraph at lines 162--163
[]\TU/NotoSansCJKSC(0)/m/n/9 Soil health is equally critical, with one-third of
 global soils already
[11]
Underfull \hbox (badness 2035) in paragraph at lines 179--180
\TU/NotoSansCJKSC(0)/m/n/9 meat, and fermentation-derived proteins, is projecte
d to grow from

Underfull \hbox (badness 1389) in paragraph at lines 179--180
\TU/NotoSansCJKSC(0)/m/n/9 $29 billion in 2025 to $162 billion by 2030, accordi
ng to Bloomberg

Underfull \hbox (badness 6110) in paragraph at lines 179--180
\TU/NotoSansCJKSC(0)/m/n/9 ethical, and healthy food options, as well as invest
or interest in
[12]
Underfull \hbox (badness 1881) in paragraph at lines 198--199
[]\TU/NotoSansCJKSC(0)/m/n/9 Carbon farming, which involves agricultural practi
ces that sequester

Underfull \hbox (badness 5331) in paragraph at lines 198--199
\TU/NotoSansCJKSC(0)/m/n/9 carbon in soil and biomass, is emerging as a signifi
cant revenue

Underfull \hbox (badness 1226) in paragraph at lines 198--199
\TU/NotoSansCJKSC(0)/m/n/9 year. Voluntary carbon markets are growing rapidly, 
with prices for

Underfull \hbox (badness 5064) in paragraph at lines 200--201
\TU/NotoSansCJKSC(0)/m/n/9 with multiple registries and methodologies creating 
confusion and
[13]
Underfull \hbox (badness 3635) in paragraph at lines 217--218
[]\TU/NotoSansCJKSC(0)/m/n/9 Based on the analysis, seven strategic priorities 
emerge for senior

Underfull \hbox (badness 1867) in paragraph at lines 217--218
\TU/NotoSansCJKSC(0)/m/n/9 executives and policymakers. First, accelerate inves
tment in digital

Underfull \hbox (badness 3199) in paragraph at lines 217--218
\TU/NotoSansCJKSC(0)/m/n/9 markets to create new revenue streams and enhance su
stainability

Underfull \hbox (badness 5862) in paragraph at lines 219--220
[]\TU/NotoSansCJKSC(0)/m/n/9 Fifth, adapt to regulatory shifts in Europe and tr
ade tensions by

Underfull \hbox (badness 1072) in paragraph at lines 219--220
\TU/NotoSansCJKSC(0)/m/n/9 diversifying supply chains and developing premium pr
oducts. Sixth,

Underfull \hbox (badness 3907) in paragraph at lines 219--220
\TU/NotoSansCJKSC(0)/m/n/9 bridge the digital divide to ensure inclusive growth
 and access to
[14] [15] (./report_latex.aux) )
(see the transcript file for additional information)
Output written on report_latex.pdf (15 pages).
Transcript written on report_latex.log.
Underfull \hbox (badness 2903) in paragraph at lines 105--106
\TU/NotoSansCJKSC(0)/m/n/9 and nutrient depletion, reduces productivity on one-
third of global
[8]
Underfull \hbox (badness 6204) in paragraph at lines 122--123
\TU/NotoSansCJKSC(0)/m/n/9 and farm management software, enable real-time monit
oring and

Underfull \hbox (badness 1132) in paragraph at lines 122--123
\TU/NotoSansCJKSC(0)/m/n/9 and automated irrigation optimize resource use, redu
cing waste and

Underfull \hbox (badness 3439) in paragraph at lines 124--125
[]\TU/NotoSansCJKSC(0)/m/n/9 The adoption of digital twins—virtual replicas of 
physical farms—is

Underfull \hbox (badness 5359) in paragraph at lines 124--125
\TU/NotoSansCJKSC(0)/m/n/9 simulate crop growth, weather scenarios, and resourc
e allocation,
[9]
Underfull \hbox (badness 4927) in paragraph at lines 141--142
[]\TU/NotoSansCJKSC(0)/m/n/9 The European Union’s Farm to Fork Strategy, part o
f the Green

Underfull \hbox (badness 3179) in paragraph at lines 141--142
\TU/NotoSansCJKSC(0)/m/n/9 Deal, is driving a fundamental shift toward sustaina
ble agriculture.

Underfull \hbox (badness 1521) in paragraph at lines 141--142
\TU/NotoSansCJKSC(0)/m/n/9 and increasing organic farming to 25% of agricultura
l land by 2030.

Underfull \hbox (badness 1009) in paragraph at lines 141--142
\TU/NotoSansCJKSC(0)/m/n/9 also creating new market opportunities for sustainab
le products and

Underfull \hbox (badness 4779) in paragraph at lines 143--144
[]\TU/NotoSansCJKSC(0)/m/n/9 Trade tensions, particularly between the United St
ates and China,
[10]
Underfull \hbox (badness 2409) in paragraph at lines 162--163
[]\TU/NotoSansCJKSC(0)/m/n/9 Soil health is equally critical, with one-third of
 global soils already
[11]
Underfull \hbox (badness 2035) in paragraph at lines 179--180
\TU/NotoSansCJKSC(0)/m/n/9 meat, and fermentation-derived proteins, is projecte
d to grow from

Underfull \hbox (badness 1389) in paragraph at lines 179--180
\TU/NotoSansCJKSC(0)/m/n/9 $29 billion in 2025 to $162 billion by 2030, accordi
ng to Bloomberg

Underfull \hbox (badness 6110) in paragraph at lines 179--180
\TU/NotoSansCJKSC(0)/m/n/9 ethical, and healthy food options, as well as invest
or interest in
[12]
Underfull \hbox (badness 1881) in paragraph at lines 198--199
[]\TU/NotoSansCJKSC(0)/m/n/9 Carbon farming, which involves agricultural practi
ces that sequester

Underfull \hbox (badness 5331) in paragraph at lines 198--199
\TU/NotoSansCJKSC(0)/m/n/9 carbon in soil and biomass, is emerging as a signifi
cant revenue

Underfull \hbox (badness 1226) in paragraph at lines 198--199
\TU/NotoSansCJKSC(0)/m/n/9 year. Voluntary carbon markets are growing rapidly, 
with prices for

Underfull \hbox (badness 5064) in paragraph at lines 200--201
\TU/NotoSansCJKSC(0)/m/n/9 with multiple registries and methodologies creating 
confusion and
[13]
Underfull \hbox (badness 3635) in paragraph at lines 217--218
[]\TU/NotoSansCJKSC(0)/m/n/9 Based on the analysis, seven strategic priorities 
emerge for senior

Underfull \hbox (badness 1867) in paragraph at lines 217--218
\TU/NotoSansCJKSC(0)/m/n/9 executives and policymakers. First, accelerate inves
tment in digital

Underfull \hbox (badness 3199) in paragraph at lines 217--218
\TU/NotoSansCJKSC(0)/m/n/9 markets to create new revenue streams and enhance su
stainability

Underfull \hbox (badness 5862) in paragraph at lines 219--220
[]\TU/NotoSansCJKSC(0)/m/n/9 Fifth, adapt to regulatory shifts in Europe and tr
ade tensions by

Underfull \hbox (badness 1072) in paragraph at lines 219--220
\TU/NotoSansCJKSC(0)/m/n/9 diversifying supply chains and developing premium pr
oducts. Sixth,

Underfull \hbox (badness 3907) in paragraph at lines 219--220
\TU/NotoSansCJKSC(0)/m/n/9 bridge the digital divide to ensure inclusive growth
 and access to
[14] [15] (./report_latex.aux) )
(see the transcript file for additional information)
Output written on report_latex.pdf (15 pages).
Transcript written on report_latex.log.
