)
(/usr/share/texlive/texmf-dist/tex/generic/pgf/basiclayer/pgfcoreimage.code.tex
)
(/usr/share/texlive/texmf-dist/tex/generic/pgf/basiclayer/pgfcoreexternal.code.
tex)
(/usr/share/texlive/texmf-dist/tex/generic/pgf/basiclayer/pgfcorelayers.code.te
x)
(/usr/share/texlive/texmf-dist/tex/generic/pgf/basiclayer/pgfcoretransparency.c
ode.tex)
(/usr/share/texlive/texmf-dist/tex/generic/pgf/basiclayer/pgfcorepatterns.code.
tex)
(/usr/share/texlive/texmf-dist/tex/generic/pgf/basiclayer/pgfcorerdf.code.tex))
)
(/usr/share/texlive/texmf-dist/tex/generic/pgf/modules/pgfmoduleshapes.code.tex
) (/usr/share/texlive/texmf-dist/tex/generic/pgf/modules/pgfmoduleplot.code.tex
)
(/usr/share/texlive/texmf-dist/tex/latex/pgf/compatibility/pgfcomp-version-0-65
.sty)
(/usr/share/texlive/texmf-dist/tex/latex/pgf/compatibility/pgfcomp-version-1-18
.sty)) (/usr/share/texlive/texmf-dist/tex/latex/pgf/utilities/pgffor.sty
(/usr/share/texlive/texmf-dist/tex/latex/pgf/utilities/pgfkeys.sty
(/usr/share/texlive/texmf-dist/tex/generic/pgf/utilities/pgfkeys.code.tex))
(/usr/share/texlive/texmf-dist/tex/latex/pgf/math/pgfmath.sty
(/usr/share/texlive/texmf-dist/tex/generic/pgf/math/pgfmath.code.tex))
(/usr/share/texlive/texmf-dist/tex/generic/pgf/utilities/pgffor.code.tex))
(/usr/share/texlive/texmf-dist/tex/generic/pgf/frontendlayer/tikz/tikz.code.tex

(/usr/share/texlive/texmf-dist/tex/generic/pgf/libraries/pgflibraryplothandlers
.code.tex)
(/usr/share/texlive/texmf-dist/tex/generic/pgf/modules/pgfmodulematrix.code.tex
)
(/usr/share/texlive/texmf-dist/tex/generic/pgf/frontendlayer/tikz/libraries/tik
zlibrarytopaths.code.tex)))
(/usr/share/texlive/texmf-dist/tex/latex/tools/tabularx.sty
(/usr/share/texlive/texmf-dist/tex/latex/tools/array.sty))
(/usr/share/texlive/texmf-dist/tex/latex/fancyhdr/fancyhdr.sty)
(/usr/share/texlive/texmf-dist/tex/latex/needspace/needspace.sty)
(./report_latex.aux) (/usr/share/texlive/texmf-dist/tex/latex/base/ts1cmr.fd)
*geometry* driver: auto-detecting
*geometry* detected driver: xetex
[1]

LaTeX Warning: Reference `chap:1' on page 2 undefined on input line 71.


LaTeX Warning: Reference `chap:2' on page 2 undefined on input line 71.


LaTeX Warning: Reference `chap:3' on page 2 undefined on input line 71.


LaTeX Warning: Reference `chap:4' on page 2 undefined on input line 71.


LaTeX Warning: Reference `chap:5' on page 2 undefined on input line 71.


LaTeX Warning: Reference `chap:6' on page 2 undefined on input line 71.


LaTeX Warning: Reference `chap:7' on page 2 undefined on input line 71.

[2]
Underfull \hbox (badness 1629) in paragraph at lines 80--80
[]\TU/NotoSansCJKSC(0)/m/n/9 For executives, the practical implication is to di
stinguish facts that

Underfull \hbox (badness 1629) in paragraph at lines 99--99
[]\TU/NotoSansCJKSC(0)/m/n/9 For executives, the practical implication is to di
stinguish facts that
[3]
Underfull \hbox (badness 1629) in paragraph at lines 118--118
[]\TU/NotoSansCJKSC(0)/m/n/9 For executives, the practical implication is to di
stinguish facts that
[4]
Underfull \hbox (badness 1629) in paragraph at lines 137--137
[]\TU/NotoSansCJKSC(0)/m/n/9 For executives, the practical implication is to di
stinguish facts that

Underfull \hbox (badness 1629) in paragraph at lines 156--156
[]\TU/NotoSansCJKSC(0)/m/n/9 For executives, the practical implication is to di
stinguish facts that
[5]
Underfull \hbox (badness 1629) in paragraph at lines 175--175
[]\TU/NotoSansCJKSC(0)/m/n/9 For executives, the practical implication is to di
stinguish facts that
[6]
Underfull \hbox (badness 1629) in paragraph at lines 194--194
[]\TU/NotoSansCJKSC(0)/m/n/9 For executives, the practical implication is to di
stinguish facts that
[7] [8] (./report_latex.aux)

LaTeX Warning: There were undefined references.


LaTeX Warning: Label(s) may have changed. Rerun to get cross-references right.

 )
(see the transcript file for additional information)
Output written on report_latex.pdf (8 pages).
Transcript written on report_latex.log.
/generic/pgf/basiclayer/pgfcorescopes.code.te
x)
(/usr/share/texlive/texmf-dist/tex/generic/pgf/basiclayer/pgfcoregraphicstate.c
ode.tex)
(/usr/share/texlive/texmf-dist/tex/generic/pgf/basiclayer/pgfcoretransformation
s.code.tex)
(/usr/share/texlive/texmf-dist/tex/generic/pgf/basiclayer/pgfcorequick.code.tex
)
(/usr/share/texlive/texmf-dist/tex/generic/pgf/basiclayer/pgfcoreobjects.code.t
ex)
(/usr/share/texlive/texmf-dist/tex/generic/pgf/basiclayer/pgfcorepathprocessing
.code.tex)
(/usr/share/texlive/texmf-dist/tex/generic/pgf/basiclayer/pgfcorearrows.code.te
x)
(/usr/share/texlive/texmf-dist/tex/generic/pgf/basiclayer/pgfcoreshade.code.tex
)
(/usr/share/texlive/texmf-dist/tex/generic/pgf/basiclayer/pgfcoreimage.code.tex
)
(/usr/share/texlive/texmf-dist/tex/generic/pgf/basiclayer/pgfcoreexternal.code.
tex)
(/usr/share/texlive/texmf-dist/tex/generic/pgf/basiclayer/pgfcorelayers.code.te
x)
(/usr/share/texlive/texmf-dist/tex/generic/pgf/basiclayer/pgfcoretransparency.c
ode.tex)
(/usr/share/texlive/texmf-dist/tex/generic/pgf/basiclayer/pgfcorepatterns.code.
tex)
(/usr/share/texlive/texmf-dist/tex/generic/pgf/basiclayer/pgfcorerdf.code.tex))
)
(/usr/share/texlive/texmf-dist/tex/generic/pgf/modules/pgfmoduleshapes.code.tex
) (/usr/share/texlive/texmf-dist/tex/generic/pgf/modules/pgfmoduleplot.code.tex
)
(/usr/share/texlive/texmf-dist/tex/latex/pgf/compatibility/pgfcomp-version-0-65
.sty)
(/usr/share/texlive/texmf-dist/tex/latex/pgf/compatibility/pgfcomp-version-1-18
.sty)) (/usr/share/texlive/texmf-dist/tex/latex/pgf/utilities/pgffor.sty
(/usr/share/texlive/texmf-dist/tex/latex/pgf/utilities/pgfkeys.sty
(/usr/share/texlive/texmf-dist/tex/generic/pgf/utilities/pgfkeys.code.tex))
(/usr/share/texlive/texmf-dist/tex/latex/pgf/math/pgfmath.sty
(/usr/share/texlive/texmf-dist/tex/generic/pgf/math/pgfmath.code.tex))
(/usr/share/texlive/texmf-dist/tex/generic/pgf/utilities/pgffor.code.tex))
(/usr/share/texlive/texmf-dist/tex/generic/pgf/frontendlayer/tikz/tikz.code.tex

(/usr/share/texlive/texmf-dist/tex/generic/pgf/libraries/pgflibraryplothandlers
.code.tex)
(/usr/share/texlive/texmf-dist/tex/generic/pgf/modules/pgfmodulematrix.code.tex
)
(/usr/share/texlive/texmf-dist/tex/generic/pgf/frontendlayer/tikz/libraries/tik
zlibrarytopaths.code.tex)))
(/usr/share/texlive/texmf-dist/tex/latex/tools/tabularx.sty
(/usr/share/texlive/texmf-dist/tex/latex/tools/array.sty))
(/usr/share/texlive/texmf-dist/tex/latex/fancyhdr/fancyhdr.sty)
(/usr/share/texlive/texmf-dist/tex/latex/needspace/needspace.sty)
(./report_latex.aux) (/usr/share/texlive/texmf-dist/tex/latex/base/ts1cmr.fd)
*geometry* driver: auto-detecting
*geometry* detected driver: xetex
[1] [2]
Underfull \hbox (badness 1629) in paragraph at lines 80--80
[]\TU/NotoSansCJKSC(0)/m/n/9 For executives, the practical implication is to di
stinguish facts that

Underfull \hbox (badness 1629) in paragraph at lines 99--99
[]\TU/NotoSansCJKSC(0)/m/n/9 For executives, the practical implication is to di
stinguish facts that
[3]
Underfull \hbox (badness 1629) in paragraph at lines 118--118
[]\TU/NotoSansCJKSC(0)/m/n/9 For executives, the practical implication is to di
stinguish facts that
[4]
Underfull \hbox (badness 1629) in paragraph at lines 137--137
[]\TU/NotoSansCJKSC(0)/m/n/9 For executives, the practical implication is to di
stinguish facts that

Underfull \hbox (badness 1629) in paragraph at lines 156--156
[]\TU/NotoSansCJKSC(0)/m/n/9 For executives, the practical implication is to di
stinguish facts that
[5]
Underfull \hbox (badness 1629) in paragraph at lines 175--175
[]\TU/NotoSansCJKSC(0)/m/n/9 For executives, the practical implication is to di
stinguish facts that
[6]
Underfull \hbox (badness 1629) in paragraph at lines 194--194
[]\TU/NotoSansCJKSC(0)/m/n/9 For executives, the practical implication is to di
stinguish facts that
[7] [8] (./report_latex.aux) )
(see the transcript file for additional information)
Output written on report_latex.pdf (8 pages).
Transcript written on report_latex.log.
