ull \hbox (badness 1642) in paragraph at lines 216--216
\TU/NotoSansCJKSC(0)/m/n/9 a sequenced agenda: validate the facts, prioritize w
here the
[10] [11]
Overfull \hbox (23.73523pt too wide) in paragraph at lines 272--273
 [] 
[12]
Underfull \hbox (badness 2600) in paragraph at lines 280--280
[]\TU/NotoSansCJKSC(0)/m/n/9 The implication for executives is to translate the
 signal into

Underfull \hbox (badness 1642) in paragraph at lines 280--280
\TU/NotoSansCJKSC(0)/m/n/9 a sequenced agenda: validate the facts, prioritize w
here the
[13] [14]
Overfull \hbox (23.73523pt too wide) in paragraph at lines 336--337
 [] 
[15]
Underfull \hbox (badness 10000) in paragraph at lines 343--343
[]\TU/NotoSansCJKSC(0)/m/n/9 Collaborative Robots and Autonomous Mobile Robots 
Are

Underfull \hbox (badness 2600) in paragraph at lines 344--344
[]\TU/NotoSansCJKSC(0)/m/n/9 The implication for executives is to translate the
 signal into

Underfull \hbox (badness 1642) in paragraph at lines 344--344
\TU/NotoSansCJKSC(0)/m/n/9 a sequenced agenda: validate the facts, prioritize w
here the
[16] [17]
Overfull \hbox (23.73523pt too wide) in paragraph at lines 400--401
 [] 
[18]
Underfull \hbox (badness 10000) in paragraph at lines 407--407
[]\TU/NotoSansCJKSC(0)/m/n/9 Robot-as-a-Service Lowers Entry Barriers and Accel
erates

Underfull \hbox (badness 2600) in paragraph at lines 408--408
[]\TU/NotoSansCJKSC(0)/m/n/9 The implication for executives is to translate the
 signal into

Underfull \hbox (badness 1642) in paragraph at lines 408--408
\TU/NotoSansCJKSC(0)/m/n/9 a sequenced agenda: validate the facts, prioritize w
here the
[19] [20]
Overfull \hbox (23.73523pt too wide) in paragraph at lines 464--465
 [] 
[21]
Underfull \hbox (badness 1874) in paragraph at lines 471--471
[]\TU/NotoSansCJKSC(0)/m/n/9 Regulatory Frameworks Are Evolving but Remain Frag
mented

Underfull \hbox (badness 2600) in paragraph at lines 472--472
[]\TU/NotoSansCJKSC(0)/m/n/9 The implication for executives is to translate the
 signal into

Underfull \hbox (badness 1642) in paragraph at lines 472--472
\TU/NotoSansCJKSC(0)/m/n/9 a sequenced agenda: validate the facts, prioritize w
here the
[22] [23]
Overfull \hbox (23.73523pt too wide) in paragraph at lines 528--529
 [] 
[24]
Underfull \hbox (badness 10000) in paragraph at lines 535--535
[]\TU/NotoSansCJKSC(0)/m/n/9 Ethical and Social Concerns Require Proactive Work
force

Underfull \hbox (badness 2600) in paragraph at lines 536--536
[]\TU/NotoSansCJKSC(0)/m/n/9 The implication for executives is to translate the
 signal into

Underfull \hbox (badness 1642) in paragraph at lines 536--536
\TU/NotoSansCJKSC(0)/m/n/9 a sequenced agenda: validate the facts, prioritize w
here the
[25] [26]
Overfull \hbox (23.73523pt too wide) in paragraph at lines 592--593
 [] 
[27]
Underfull \hbox (badness 1694) in paragraph at lines 599--599
[]\TU/NotoSansCJKSC(0)/m/n/9 Healthcare and Logistics Offer the Highest Near-Te
rm Growth

Underfull \hbox (badness 2600) in paragraph at lines 600--600
[]\TU/NotoSansCJKSC(0)/m/n/9 The implication for executives is to translate the
 signal into

Underfull \hbox (badness 1642) in paragraph at lines 600--600
\TU/NotoSansCJKSC(0)/m/n/9 a sequenced agenda: validate the facts, prioritize w
here the
[28] [29]
Overfull \hbox (23.73523pt too wide) in paragraph at lines 656--657
 [] 
[30]
Underfull \hbox (badness 2600) in paragraph at lines 664--664
[]\TU/NotoSansCJKSC(0)/m/n/9 The implication for executives is to translate the
 signal into

Underfull \hbox (badness 1642) in paragraph at lines 664--664
\TU/NotoSansCJKSC(0)/m/n/9 a sequenced agenda: validate the facts, prioritize w
here the
[31] [32]
Overfull \hbox (23.73523pt too wide) in paragraph at lines 720--721
 [] 
[33] [34] (./report_latex.aux)

LaTeX Warning: Label(s) may have changed. Rerun to get cross-references right.

 )
(see the transcript file for additional information)
Output written on report_latex.pdf (34 pages).
Transcript written on report_latex.log.
C(0)/m/n/9 The implication for executives is to translate the
 signal into

Underfull \hbox (badness 1642) in paragraph at lines 216--216
\TU/NotoSansCJKSC(0)/m/n/9 a sequenced agenda: validate the facts, prioritize w
here the
[10] [11]
Overfull \hbox (23.73523pt too wide) in paragraph at lines 272--273
 [] 
[12]
Underfull \hbox (badness 2600) in paragraph at lines 280--280
[]\TU/NotoSansCJKSC(0)/m/n/9 The implication for executives is to translate the
 signal into

Underfull \hbox (badness 1642) in paragraph at lines 280--280
\TU/NotoSansCJKSC(0)/m/n/9 a sequenced agenda: validate the facts, prioritize w
here the
[13] [14]
Overfull \hbox (23.73523pt too wide) in paragraph at lines 336--337
 [] 
[15]
Underfull \hbox (badness 10000) in paragraph at lines 343--343
[]\TU/NotoSansCJKSC(0)/m/n/9 Collaborative Robots and Autonomous Mobile Robots 
Are

Underfull \hbox (badness 2600) in paragraph at lines 344--344
[]\TU/NotoSansCJKSC(0)/m/n/9 The implication for executives is to translate the
 signal into

Underfull \hbox (badness 1642) in paragraph at lines 344--344
\TU/NotoSansCJKSC(0)/m/n/9 a sequenced agenda: validate the facts, prioritize w
here the
[16] [17]
Overfull \hbox (23.73523pt too wide) in paragraph at lines 400--401
 [] 
[18]
Underfull \hbox (badness 10000) in paragraph at lines 407--407
[]\TU/NotoSansCJKSC(0)/m/n/9 Robot-as-a-Service Lowers Entry Barriers and Accel
erates

Underfull \hbox (badness 2600) in paragraph at lines 408--408
[]\TU/NotoSansCJKSC(0)/m/n/9 The implication for executives is to translate the
 signal into

Underfull \hbox (badness 1642) in paragraph at lines 408--408
\TU/NotoSansCJKSC(0)/m/n/9 a sequenced agenda: validate the facts, prioritize w
here the
[19] [20]
Overfull \hbox (23.73523pt too wide) in paragraph at lines 464--465
 [] 
[21]
Underfull \hbox (badness 1874) in paragraph at lines 471--471
[]\TU/NotoSansCJKSC(0)/m/n/9 Regulatory Frameworks Are Evolving but Remain Frag
mented

Underfull \hbox (badness 2600) in paragraph at lines 472--472
[]\TU/NotoSansCJKSC(0)/m/n/9 The implication for executives is to translate the
 signal into

Underfull \hbox (badness 1642) in paragraph at lines 472--472
\TU/NotoSansCJKSC(0)/m/n/9 a sequenced agenda: validate the facts, prioritize w
here the
[22] [23]
Overfull \hbox (23.73523pt too wide) in paragraph at lines 528--529
 [] 
[24]
Underfull \hbox (badness 10000) in paragraph at lines 535--535
[]\TU/NotoSansCJKSC(0)/m/n/9 Ethical and Social Concerns Require Proactive Work
force

Underfull \hbox (badness 2600) in paragraph at lines 536--536
[]\TU/NotoSansCJKSC(0)/m/n/9 The implication for executives is to translate the
 signal into

Underfull \hbox (badness 1642) in paragraph at lines 536--536
\TU/NotoSansCJKSC(0)/m/n/9 a sequenced agenda: validate the facts, prioritize w
here the
[25] [26]
Overfull \hbox (23.73523pt too wide) in paragraph at lines 592--593
 [] 
[27]
Underfull \hbox (badness 1694) in paragraph at lines 599--599
[]\TU/NotoSansCJKSC(0)/m/n/9 Healthcare and Logistics Offer the Highest Near-Te
rm Growth

Underfull \hbox (badness 2600) in paragraph at lines 600--600
[]\TU/NotoSansCJKSC(0)/m/n/9 The implication for executives is to translate the
 signal into

Underfull \hbox (badness 1642) in paragraph at lines 600--600
\TU/NotoSansCJKSC(0)/m/n/9 a sequenced agenda: validate the facts, prioritize w
here the
[28] [29]
Overfull \hbox (23.73523pt too wide) in paragraph at lines 656--657
 [] 
[30]
Underfull \hbox (badness 2600) in paragraph at lines 664--664
[]\TU/NotoSansCJKSC(0)/m/n/9 The implication for executives is to translate the
 signal into

Underfull \hbox (badness 1642) in paragraph at lines 664--664
\TU/NotoSansCJKSC(0)/m/n/9 a sequenced agenda: validate the facts, prioritize w
here the
[31] [32]
Overfull \hbox (23.73523pt too wide) in paragraph at lines 720--721
 [] 
[33] [34] (./report_latex.aux) )
(see the transcript file for additional information)
Output written on report_latex.pdf (34 pages).
Transcript written on report_latex.log.
